Start testing: Jan 20 11:53 KST
----------------------------------------------------------
1/1 Testing: FunctionTesting.Testing_Insert
1/1 Test: FunctionTesting.Testing_Insert
Command: "/mnt/c/Users/iakwon/Desktop/gTEST_Drill/build/testing_functions" "--gtest_filter=FunctionTesting.Testing_Insert" "--gtest_also_run_disabled_tests"
Directory: /mnt/c/Users/iakwon/Desktop/gTEST_Drill/build
"FunctionTesting.Testing_Insert" start time: Jan 20 11:53 KST
Output:
----------------------------------------------------------
Running main() from /mnt/c/Users/iakwon/Desktop/gTEST_Drill/build/_deps/googletest-src/googletest/src/gtest_main.cc
Note: Google Test filter = FunctionTesting.Testing_Insert
[==========] Running 1 test from 1 test suite.
[----------] Global test environment set-up.
[----------] 1 test from FunctionTesting
[ RUN      ] FunctionTesting.Testing_Insert
[0;36m 
TestingIdx1 = 0[0m
[0;36m 
TestingIdx2 = 49[0m
[0;36m 
TestingIdx3 = 51[0m
/mnt/c/Users/iakwon/Desktop/gTEST_Drill/CFunction_unittest.cc:33: Failure
Expected equality of these values:
  fulled_DB.getValue(TestingIdx3)
    Which is: -1
  nInput
    Which is: 51
Fully Start DB Failed to Insert Value: Index(51)

[0;36m 
TestingIdx1 = 1[0m
[0;36m 
TestingIdx2 = 50[0m
[0;36m 
TestingIdx3 = 52[0m
[  FAILED  ] FunctionTesting.Testing_Insert (0 ms)
[----------] 1 test from FunctionTesting (0 ms total)

[----------] Global test environment tear-down
[==========] 1 test from 1 test suite ran. (0 ms total)
[  PASSED  ] 0 tests.
[  FAILED  ] 1 test, listed below:
[  FAILED  ] FunctionTesting.Testing_Insert

 1 FAILED TEST
<end of output>
Test time =   0.01 sec
----------------------------------------------------------
Test Failed.
"FunctionTesting.Testing_Insert" end time: Jan 20 11:53 KST
"FunctionTesting.Testing_Insert" time elapsed: 00:00:00
----------------------------------------------------------

End testing: Jan 20 11:53 KST
