Start testing: Jan 16 09:48 KST
----------------------------------------------------------
1/6 Testing: FactorialTest.Negative
1/6 Test: FactorialTest.Negative
Command: "/mnt/c/Users/iakwon/gTest_samples/Sample1/build/sample1_unittest" "--gtest_filter=FactorialTest.Negative" "--gtest_also_run_disabled_tests"
Directory: /mnt/c/Users/iakwon/gTest_samples/Sample1/build
"FactorialTest.Negative" start time: Jan 16 09:48 KST
Output:
----------------------------------------------------------
Running main() from /mnt/c/Users/iakwon/gTest_samples/Sample1/build/_deps/googletest-src/googletest/src/gtest_main.cc
Note: Google Test filter = FactorialTest.Negative
[==========] Running 1 test from 1 test suite.
[----------] Global test environment set-up.
[----------] 1 test from FactorialTest
[ RUN      ] FactorialTest.Negative
[       OK ] FactorialTest.Negative (0 ms)
[----------] 1 test from FactorialTest (0 ms total)

[----------] Global test environment tear-down
[==========] 1 test from 1 test suite ran. (0 ms total)
[  PASSED  ] 1 test.
<end of output>
Test time =   0.01 sec
----------------------------------------------------------
Test Passed.
"FactorialTest.Negative" end time: Jan 16 09:48 KST
"FactorialTest.Negative" time elapsed: 00:00:00
----------------------------------------------------------

2/6 Testing: FactorialTest.Zero
2/6 Test: FactorialTest.Zero
Command: "/mnt/c/Users/iakwon/gTest_samples/Sample1/build/sample1_unittest" "--gtest_filter=FactorialTest.Zero" "--gtest_also_run_disabled_tests"
Directory: /mnt/c/Users/iakwon/gTest_samples/Sample1/build
"FactorialTest.Zero" start time: Jan 16 09:48 KST
Output:
----------------------------------------------------------
Running main() from /mnt/c/Users/iakwon/gTest_samples/Sample1/build/_deps/googletest-src/googletest/src/gtest_main.cc
Note: Google Test filter = FactorialTest.Zero
[==========] Running 1 test from 1 test suite.
[----------] Global test environment set-up.
[----------] 1 test from FactorialTest
[ RUN      ] FactorialTest.Zero
[       OK ] FactorialTest.Zero (0 ms)
[----------] 1 test from FactorialTest (0 ms total)

[----------] Global test environment tear-down
[==========] 1 test from 1 test suite ran. (0 ms total)
[  PASSED  ] 1 test.
<end of output>
Test time =   0.01 sec
----------------------------------------------------------
Test Passed.
"FactorialTest.Zero" end time: Jan 16 09:48 KST
"FactorialTest.Zero" time elapsed: 00:00:00
----------------------------------------------------------

3/6 Testing: FactorialTest.Positive
3/6 Test: FactorialTest.Positive
Command: "/mnt/c/Users/iakwon/gTest_samples/Sample1/build/sample1_unittest" "--gtest_filter=FactorialTest.Positive" "--gtest_also_run_disabled_tests"
Directory: /mnt/c/Users/iakwon/gTest_samples/Sample1/build
"FactorialTest.Positive" start time: Jan 16 09:48 KST
Output:
----------------------------------------------------------
Running main() from /mnt/c/Users/iakwon/gTest_samples/Sample1/build/_deps/googletest-src/googletest/src/gtest_main.cc
Note: Google Test filter = FactorialTest.Positive
[==========] Running 1 test from 1 test suite.
[----------] Global test environment set-up.
[----------] 1 test from FactorialTest
[ RUN      ] FactorialTest.Positive
[       OK ] FactorialTest.Positive (0 ms)
[----------] 1 test from FactorialTest (0 ms total)

[----------] Global test environment tear-down
[==========] 1 test from 1 test suite ran. (0 ms total)
[  PASSED  ] 1 test.
<end of output>
Test time =   0.01 sec
----------------------------------------------------------
Test Passed.
"FactorialTest.Positive" end time: Jan 16 09:48 KST
"FactorialTest.Positive" time elapsed: 00:00:00
----------------------------------------------------------

4/6 Testing: IsPrimeTest.Negative
4/6 Test: IsPrimeTest.Negative
Command: "/mnt/c/Users/iakwon/gTest_samples/Sample1/build/sample1_unittest" "--gtest_filter=IsPrimeTest.Negative" "--gtest_also_run_disabled_tests"
Directory: /mnt/c/Users/iakwon/gTest_samples/Sample1/build
"IsPrimeTest.Negative" start time: Jan 16 09:48 KST
Output:
----------------------------------------------------------
Running main() from /mnt/c/Users/iakwon/gTest_samples/Sample1/build/_deps/googletest-src/googletest/src/gtest_main.cc
Note: Google Test filter = IsPrimeTest.Negative
[==========] Running 1 test from 1 test suite.
[----------] Global test environment set-up.
[----------] 1 test from IsPrimeTest
[ RUN      ] IsPrimeTest.Negative
[       OK ] IsPrimeTest.Negative (0 ms)
[----------] 1 test from IsPrimeTest (0 ms total)

[----------] Global test environment tear-down
[==========] 1 test from 1 test suite ran. (0 ms total)
[  PASSED  ] 1 test.
<end of output>
Test time =   0.01 sec
----------------------------------------------------------
Test Passed.
"IsPrimeTest.Negative" end time: Jan 16 09:48 KST
"IsPrimeTest.Negative" time elapsed: 00:00:00
----------------------------------------------------------

5/6 Testing: IsPrimeTest.Trivial
5/6 Test: IsPrimeTest.Trivial
Command: "/mnt/c/Users/iakwon/gTest_samples/Sample1/build/sample1_unittest" "--gtest_filter=IsPrimeTest.Trivial" "--gtest_also_run_disabled_tests"
Directory: /mnt/c/Users/iakwon/gTest_samples/Sample1/build
"IsPrimeTest.Trivial" start time: Jan 16 09:48 KST
Output:
----------------------------------------------------------
Running main() from /mnt/c/Users/iakwon/gTest_samples/Sample1/build/_deps/googletest-src/googletest/src/gtest_main.cc
Note: Google Test filter = IsPrimeTest.Trivial
[==========] Running 1 test from 1 test suite.
[----------] Global test environment set-up.
[----------] 1 test from IsPrimeTest
[ RUN      ] IsPrimeTest.Trivial
[       OK ] IsPrimeTest.Trivial (0 ms)
[----------] 1 test from IsPrimeTest (0 ms total)

[----------] Global test environment tear-down
[==========] 1 test from 1 test suite ran. (0 ms total)
[  PASSED  ] 1 test.
<end of output>
Test time =   0.01 sec
----------------------------------------------------------
Test Passed.
"IsPrimeTest.Trivial" end time: Jan 16 09:48 KST
"IsPrimeTest.Trivial" time elapsed: 00:00:00
----------------------------------------------------------

6/6 Testing: IsPrimeTest.Positive
6/6 Test: IsPrimeTest.Positive
Command: "/mnt/c/Users/iakwon/gTest_samples/Sample1/build/sample1_unittest" "--gtest_filter=IsPrimeTest.Positive" "--gtest_also_run_disabled_tests"
Directory: /mnt/c/Users/iakwon/gTest_samples/Sample1/build
"IsPrimeTest.Positive" start time: Jan 16 09:48 KST
Output:
----------------------------------------------------------
Running main() from /mnt/c/Users/iakwon/gTest_samples/Sample1/build/_deps/googletest-src/googletest/src/gtest_main.cc
Note: Google Test filter = IsPrimeTest.Positive
[==========] Running 1 test from 1 test suite.
[----------] Global test environment set-up.
[----------] 1 test from IsPrimeTest
[ RUN      ] IsPrimeTest.Positive
[       OK ] IsPrimeTest.Positive (0 ms)
[----------] 1 test from IsPrimeTest (0 ms total)

[----------] Global test environment tear-down
[==========] 1 test from 1 test suite ran. (0 ms total)
[  PASSED  ] 1 test.
<end of output>
Test time =   0.01 sec
----------------------------------------------------------
Test Passed.
"IsPrimeTest.Positive" end time: Jan 16 09:48 KST
"IsPrimeTest.Positive" time elapsed: 00:00:00
----------------------------------------------------------

End testing: Jan 16 09:48 KST
