Start testing: Jan 17 11:15 KST
----------------------------------------------------------
1/12 Testing: MeaningfulTestParameters/PrimeTableTest.ReturnsFalseForNonPrimes/(false,1)
1/12 Test: MeaningfulTestParameters/PrimeTableTest.ReturnsFalseForNonPrimes/(false,1)
Command: "/mnt/c/Users/iakwon/gTest_samples/Sample8/build/sample8_unittest" "--gtest_filter=MeaningfulTestParameters/PrimeTableTest.ReturnsFalseForNonPrimes/0" "--gtest_also_run_disabled_tests"
Directory: /mnt/c/Users/iakwon/gTest_samples/Sample8/build
"MeaningfulTestParameters/PrimeTableTest.ReturnsFalseForNonPrimes/(false,1)" start time: Jan 17 11:15 KST
Output:
----------------------------------------------------------
Running main() from /mnt/c/Users/iakwon/gTest_samples/Sample8/build/_deps/googletest-src/googletest/src/gtest_main.cc
Note: Google Test filter = MeaningfulTestParameters/PrimeTableTest.ReturnsFalseForNonPrimes/0
[==========] Running 1 test from 1 test suite.
[----------] Global test environment set-up.
[----------] 1 test from MeaningfulTestParameters/PrimeTableTest
[ RUN      ] MeaningfulTestParameters/PrimeTableTest.ReturnsFalseForNonPrimes/0
[       OK ] MeaningfulTestParameters/PrimeTableTest.ReturnsFalseForNonPrimes/0 (0 ms)
[----------] 1 test from MeaningfulTestParameters/PrimeTableTest (0 ms total)

[----------] Global test environment tear-down
[==========] 1 test from 1 test suite ran. (0 ms total)
[  PASSED  ] 1 test.
<end of output>
Test time =   0.01 sec
----------------------------------------------------------
Test Passed.
"MeaningfulTestParameters/PrimeTableTest.ReturnsFalseForNonPrimes/(false,1)" end time: Jan 17 11:15 KST
"MeaningfulTestParameters/PrimeTableTest.ReturnsFalseForNonPrimes/(false,1)" time elapsed: 00:00:00
----------------------------------------------------------

2/12 Testing: MeaningfulTestParameters/PrimeTableTest.ReturnsFalseForNonPrimes/(false,10)
2/12 Test: MeaningfulTestParameters/PrimeTableTest.ReturnsFalseForNonPrimes/(false,10)
Command: "/mnt/c/Users/iakwon/gTest_samples/Sample8/build/sample8_unittest" "--gtest_filter=MeaningfulTestParameters/PrimeTableTest.ReturnsFalseForNonPrimes/1" "--gtest_also_run_disabled_tests"
Directory: /mnt/c/Users/iakwon/gTest_samples/Sample8/build
"MeaningfulTestParameters/PrimeTableTest.ReturnsFalseForNonPrimes/(false,10)" start time: Jan 17 11:15 KST
Output:
----------------------------------------------------------
Running main() from /mnt/c/Users/iakwon/gTest_samples/Sample8/build/_deps/googletest-src/googletest/src/gtest_main.cc
Note: Google Test filter = MeaningfulTestParameters/PrimeTableTest.ReturnsFalseForNonPrimes/1
[==========] Running 1 test from 1 test suite.
[----------] Global test environment set-up.
[----------] 1 test from MeaningfulTestParameters/PrimeTableTest
[ RUN      ] MeaningfulTestParameters/PrimeTableTest.ReturnsFalseForNonPrimes/1
[       OK ] MeaningfulTestParameters/PrimeTableTest.ReturnsFalseForNonPrimes/1 (0 ms)
[----------] 1 test from MeaningfulTestParameters/PrimeTableTest (0 ms total)

[----------] Global test environment tear-down
[==========] 1 test from 1 test suite ran. (0 ms total)
[  PASSED  ] 1 test.
<end of output>
Test time =   0.01 sec
----------------------------------------------------------
Test Passed.
"MeaningfulTestParameters/PrimeTableTest.ReturnsFalseForNonPrimes/(false,10)" end time: Jan 17 11:15 KST
"MeaningfulTestParameters/PrimeTableTest.ReturnsFalseForNonPrimes/(false,10)" time elapsed: 00:00:00
----------------------------------------------------------

3/12 Testing: MeaningfulTestParameters/PrimeTableTest.ReturnsFalseForNonPrimes/(true,1)
3/12 Test: MeaningfulTestParameters/PrimeTableTest.ReturnsFalseForNonPrimes/(true,1)
Command: "/mnt/c/Users/iakwon/gTest_samples/Sample8/build/sample8_unittest" "--gtest_filter=MeaningfulTestParameters/PrimeTableTest.ReturnsFalseForNonPrimes/2" "--gtest_also_run_disabled_tests"
Directory: /mnt/c/Users/iakwon/gTest_samples/Sample8/build
"MeaningfulTestParameters/PrimeTableTest.ReturnsFalseForNonPrimes/(true,1)" start time: Jan 17 11:15 KST
Output:
----------------------------------------------------------
Running main() from /mnt/c/Users/iakwon/gTest_samples/Sample8/build/_deps/googletest-src/googletest/src/gtest_main.cc
Note: Google Test filter = MeaningfulTestParameters/PrimeTableTest.ReturnsFalseForNonPrimes/2
[==========] Running 1 test from 1 test suite.
[----------] Global test environment set-up.
[----------] 1 test from MeaningfulTestParameters/PrimeTableTest
[ RUN      ] MeaningfulTestParameters/PrimeTableTest.ReturnsFalseForNonPrimes/2
[       OK ] MeaningfulTestParameters/PrimeTableTest.ReturnsFalseForNonPrimes/2 (0 ms)
[----------] 1 test from MeaningfulTestParameters/PrimeTableTest (0 ms total)

[----------] Global test environment tear-down
[==========] 1 test from 1 test suite ran. (0 ms total)
[  PASSED  ] 1 test.
<end of output>
Test time =   0.01 sec
----------------------------------------------------------
Test Passed.
"MeaningfulTestParameters/PrimeTableTest.ReturnsFalseForNonPrimes/(true,1)" end time: Jan 17 11:15 KST
"MeaningfulTestParameters/PrimeTableTest.ReturnsFalseForNonPrimes/(true,1)" time elapsed: 00:00:00
----------------------------------------------------------

4/12 Testing: MeaningfulTestParameters/PrimeTableTest.ReturnsFalseForNonPrimes/(true,10)
4/12 Test: MeaningfulTestParameters/PrimeTableTest.ReturnsFalseForNonPrimes/(true,10)
Command: "/mnt/c/Users/iakwon/gTest_samples/Sample8/build/sample8_unittest" "--gtest_filter=MeaningfulTestParameters/PrimeTableTest.ReturnsFalseForNonPrimes/3" "--gtest_also_run_disabled_tests"
Directory: /mnt/c/Users/iakwon/gTest_samples/Sample8/build
"MeaningfulTestParameters/PrimeTableTest.ReturnsFalseForNonPrimes/(true,10)" start time: Jan 17 11:15 KST
Output:
----------------------------------------------------------
Running main() from /mnt/c/Users/iakwon/gTest_samples/Sample8/build/_deps/googletest-src/googletest/src/gtest_main.cc
Note: Google Test filter = MeaningfulTestParameters/PrimeTableTest.ReturnsFalseForNonPrimes/3
[==========] Running 1 test from 1 test suite.
[----------] Global test environment set-up.
[----------] 1 test from MeaningfulTestParameters/PrimeTableTest
[ RUN      ] MeaningfulTestParameters/PrimeTableTest.ReturnsFalseForNonPrimes/3
[       OK ] MeaningfulTestParameters/PrimeTableTest.ReturnsFalseForNonPrimes/3 (0 ms)
[----------] 1 test from MeaningfulTestParameters/PrimeTableTest (0 ms total)

[----------] Global test environment tear-down
[==========] 1 test from 1 test suite ran. (0 ms total)
[  PASSED  ] 1 test.
<end of output>
Test time =   0.01 sec
----------------------------------------------------------
Test Passed.
"MeaningfulTestParameters/PrimeTableTest.ReturnsFalseForNonPrimes/(true,10)" end time: Jan 17 11:15 KST
"MeaningfulTestParameters/PrimeTableTest.ReturnsFalseForNonPrimes/(true,10)" time elapsed: 00:00:00
----------------------------------------------------------

5/12 Testing: MeaningfulTestParameters/PrimeTableTest.ReturnsTrueForPrimes/(false,1)
5/12 Test: MeaningfulTestParameters/PrimeTableTest.ReturnsTrueForPrimes/(false,1)
Command: "/mnt/c/Users/iakwon/gTest_samples/Sample8/build/sample8_unittest" "--gtest_filter=MeaningfulTestParameters/PrimeTableTest.ReturnsTrueForPrimes/0" "--gtest_also_run_disabled_tests"
Directory: /mnt/c/Users/iakwon/gTest_samples/Sample8/build
"MeaningfulTestParameters/PrimeTableTest.ReturnsTrueForPrimes/(false,1)" start time: Jan 17 11:15 KST
Output:
----------------------------------------------------------
Running main() from /mnt/c/Users/iakwon/gTest_samples/Sample8/build/_deps/googletest-src/googletest/src/gtest_main.cc
Note: Google Test filter = MeaningfulTestParameters/PrimeTableTest.ReturnsTrueForPrimes/0
[==========] Running 1 test from 1 test suite.
[----------] Global test environment set-up.
[----------] 1 test from MeaningfulTestParameters/PrimeTableTest
[ RUN      ] MeaningfulTestParameters/PrimeTableTest.ReturnsTrueForPrimes/0
[       OK ] MeaningfulTestParameters/PrimeTableTest.ReturnsTrueForPrimes/0 (0 ms)
[----------] 1 test from MeaningfulTestParameters/PrimeTableTest (0 ms total)

[----------] Global test environment tear-down
[==========] 1 test from 1 test suite ran. (0 ms total)
[  PASSED  ] 1 test.
<end of output>
Test time =   0.01 sec
----------------------------------------------------------
Test Passed.
"MeaningfulTestParameters/PrimeTableTest.ReturnsTrueForPrimes/(false,1)" end time: Jan 17 11:15 KST
"MeaningfulTestParameters/PrimeTableTest.ReturnsTrueForPrimes/(false,1)" time elapsed: 00:00:00
----------------------------------------------------------

6/12 Testing: MeaningfulTestParameters/PrimeTableTest.ReturnsTrueForPrimes/(false,10)
6/12 Test: MeaningfulTestParameters/PrimeTableTest.ReturnsTrueForPrimes/(false,10)
Command: "/mnt/c/Users/iakwon/gTest_samples/Sample8/build/sample8_unittest" "--gtest_filter=MeaningfulTestParameters/PrimeTableTest.ReturnsTrueForPrimes/1" "--gtest_also_run_disabled_tests"
Directory: /mnt/c/Users/iakwon/gTest_samples/Sample8/build
"MeaningfulTestParameters/PrimeTableTest.ReturnsTrueForPrimes/(false,10)" start time: Jan 17 11:15 KST
Output:
----------------------------------------------------------
Running main() from /mnt/c/Users/iakwon/gTest_samples/Sample8/build/_deps/googletest-src/googletest/src/gtest_main.cc
Note: Google Test filter = MeaningfulTestParameters/PrimeTableTest.ReturnsTrueForPrimes/1
[==========] Running 1 test from 1 test suite.
[----------] Global test environment set-up.
[----------] 1 test from MeaningfulTestParameters/PrimeTableTest
[ RUN      ] MeaningfulTestParameters/PrimeTableTest.ReturnsTrueForPrimes/1
[       OK ] MeaningfulTestParameters/PrimeTableTest.ReturnsTrueForPrimes/1 (0 ms)
[----------] 1 test from MeaningfulTestParameters/PrimeTableTest (0 ms total)

[----------] Global test environment tear-down
[==========] 1 test from 1 test suite ran. (0 ms total)
[  PASSED  ] 1 test.
<end of output>
Test time =   0.01 sec
----------------------------------------------------------
Test Passed.
"MeaningfulTestParameters/PrimeTableTest.ReturnsTrueForPrimes/(false,10)" end time: Jan 17 11:15 KST
"MeaningfulTestParameters/PrimeTableTest.ReturnsTrueForPrimes/(false,10)" time elapsed: 00:00:00
----------------------------------------------------------

7/12 Testing: MeaningfulTestParameters/PrimeTableTest.ReturnsTrueForPrimes/(true,1)
7/12 Test: MeaningfulTestParameters/PrimeTableTest.ReturnsTrueForPrimes/(true,1)
Command: "/mnt/c/Users/iakwon/gTest_samples/Sample8/build/sample8_unittest" "--gtest_filter=MeaningfulTestParameters/PrimeTableTest.ReturnsTrueForPrimes/2" "--gtest_also_run_disabled_tests"
Directory: /mnt/c/Users/iakwon/gTest_samples/Sample8/build
"MeaningfulTestParameters/PrimeTableTest.ReturnsTrueForPrimes/(true,1)" start time: Jan 17 11:15 KST
Output:
----------------------------------------------------------
Running main() from /mnt/c/Users/iakwon/gTest_samples/Sample8/build/_deps/googletest-src/googletest/src/gtest_main.cc
Note: Google Test filter = MeaningfulTestParameters/PrimeTableTest.ReturnsTrueForPrimes/2
[==========] Running 1 test from 1 test suite.
[----------] Global test environment set-up.
[----------] 1 test from MeaningfulTestParameters/PrimeTableTest
[ RUN      ] MeaningfulTestParameters/PrimeTableTest.ReturnsTrueForPrimes/2
[       OK ] MeaningfulTestParameters/PrimeTableTest.ReturnsTrueForPrimes/2 (0 ms)
[----------] 1 test from MeaningfulTestParameters/PrimeTableTest (0 ms total)

[----------] Global test environment tear-down
[==========] 1 test from 1 test suite ran. (0 ms total)
[  PASSED  ] 1 test.
<end of output>
Test time =   0.01 sec
----------------------------------------------------------
Test Passed.
"MeaningfulTestParameters/PrimeTableTest.ReturnsTrueForPrimes/(true,1)" end time: Jan 17 11:15 KST
"MeaningfulTestParameters/PrimeTableTest.ReturnsTrueForPrimes/(true,1)" time elapsed: 00:00:00
----------------------------------------------------------

8/12 Testing: MeaningfulTestParameters/PrimeTableTest.ReturnsTrueForPrimes/(true,10)
8/12 Test: MeaningfulTestParameters/PrimeTableTest.ReturnsTrueForPrimes/(true,10)
Command: "/mnt/c/Users/iakwon/gTest_samples/Sample8/build/sample8_unittest" "--gtest_filter=MeaningfulTestParameters/PrimeTableTest.ReturnsTrueForPrimes/3" "--gtest_also_run_disabled_tests"
Directory: /mnt/c/Users/iakwon/gTest_samples/Sample8/build
"MeaningfulTestParameters/PrimeTableTest.ReturnsTrueForPrimes/(true,10)" start time: Jan 17 11:15 KST
Output:
----------------------------------------------------------
Running main() from /mnt/c/Users/iakwon/gTest_samples/Sample8/build/_deps/googletest-src/googletest/src/gtest_main.cc
Note: Google Test filter = MeaningfulTestParameters/PrimeTableTest.ReturnsTrueForPrimes/3
[==========] Running 1 test from 1 test suite.
[----------] Global test environment set-up.
[----------] 1 test from MeaningfulTestParameters/PrimeTableTest
[ RUN      ] MeaningfulTestParameters/PrimeTableTest.ReturnsTrueForPrimes/3
[       OK ] MeaningfulTestParameters/PrimeTableTest.ReturnsTrueForPrimes/3 (0 ms)
[----------] 1 test from MeaningfulTestParameters/PrimeTableTest (0 ms total)

[----------] Global test environment tear-down
[==========] 1 test from 1 test suite ran. (0 ms total)
[  PASSED  ] 1 test.
<end of output>
Test time =   0.01 sec
----------------------------------------------------------
Test Passed.
"MeaningfulTestParameters/PrimeTableTest.ReturnsTrueForPrimes/(true,10)" end time: Jan 17 11:15 KST
"MeaningfulTestParameters/PrimeTableTest.ReturnsTrueForPrimes/(true,10)" time elapsed: 00:00:00
----------------------------------------------------------

9/12 Testing: MeaningfulTestParameters/PrimeTableTest.CanGetNextPrime/(false,1)
9/12 Test: MeaningfulTestParameters/PrimeTableTest.CanGetNextPrime/(false,1)
Command: "/mnt/c/Users/iakwon/gTest_samples/Sample8/build/sample8_unittest" "--gtest_filter=MeaningfulTestParameters/PrimeTableTest.CanGetNextPrime/0" "--gtest_also_run_disabled_tests"
Directory: /mnt/c/Users/iakwon/gTest_samples/Sample8/build
"MeaningfulTestParameters/PrimeTableTest.CanGetNextPrime/(false,1)" start time: Jan 17 11:15 KST
Output:
----------------------------------------------------------
Running main() from /mnt/c/Users/iakwon/gTest_samples/Sample8/build/_deps/googletest-src/googletest/src/gtest_main.cc
Note: Google Test filter = MeaningfulTestParameters/PrimeTableTest.CanGetNextPrime/0
[==========] Running 1 test from 1 test suite.
[----------] Global test environment set-up.
[----------] 1 test from MeaningfulTestParameters/PrimeTableTest
[ RUN      ] MeaningfulTestParameters/PrimeTableTest.CanGetNextPrime/0
[       OK ] MeaningfulTestParameters/PrimeTableTest.CanGetNextPrime/0 (0 ms)
[----------] 1 test from MeaningfulTestParameters/PrimeTableTest (0 ms total)

[----------] Global test environment tear-down
[==========] 1 test from 1 test suite ran. (0 ms total)
[  PASSED  ] 1 test.
<end of output>
Test time =   0.01 sec
----------------------------------------------------------
Test Passed.
"MeaningfulTestParameters/PrimeTableTest.CanGetNextPrime/(false,1)" end time: Jan 17 11:15 KST
"MeaningfulTestParameters/PrimeTableTest.CanGetNextPrime/(false,1)" time elapsed: 00:00:00
----------------------------------------------------------

10/12 Testing: MeaningfulTestParameters/PrimeTableTest.CanGetNextPrime/(false,10)
10/12 Test: MeaningfulTestParameters/PrimeTableTest.CanGetNextPrime/(false,10)
Command: "/mnt/c/Users/iakwon/gTest_samples/Sample8/build/sample8_unittest" "--gtest_filter=MeaningfulTestParameters/PrimeTableTest.CanGetNextPrime/1" "--gtest_also_run_disabled_tests"
Directory: /mnt/c/Users/iakwon/gTest_samples/Sample8/build
"MeaningfulTestParameters/PrimeTableTest.CanGetNextPrime/(false,10)" start time: Jan 17 11:15 KST
Output:
----------------------------------------------------------
Running main() from /mnt/c/Users/iakwon/gTest_samples/Sample8/build/_deps/googletest-src/googletest/src/gtest_main.cc
Note: Google Test filter = MeaningfulTestParameters/PrimeTableTest.CanGetNextPrime/1
[==========] Running 1 test from 1 test suite.
[----------] Global test environment set-up.
[----------] 1 test from MeaningfulTestParameters/PrimeTableTest
[ RUN      ] MeaningfulTestParameters/PrimeTableTest.CanGetNextPrime/1
[       OK ] MeaningfulTestParameters/PrimeTableTest.CanGetNextPrime/1 (0 ms)
[----------] 1 test from MeaningfulTestParameters/PrimeTableTest (0 ms total)

[----------] Global test environment tear-down
[==========] 1 test from 1 test suite ran. (0 ms total)
[  PASSED  ] 1 test.
<end of output>
Test time =   0.01 sec
----------------------------------------------------------
Test Passed.
"MeaningfulTestParameters/PrimeTableTest.CanGetNextPrime/(false,10)" end time: Jan 17 11:15 KST
"MeaningfulTestParameters/PrimeTableTest.CanGetNextPrime/(false,10)" time elapsed: 00:00:00
----------------------------------------------------------

11/12 Testing: MeaningfulTestParameters/PrimeTableTest.CanGetNextPrime/(true,1)
11/12 Test: MeaningfulTestParameters/PrimeTableTest.CanGetNextPrime/(true,1)
Command: "/mnt/c/Users/iakwon/gTest_samples/Sample8/build/sample8_unittest" "--gtest_filter=MeaningfulTestParameters/PrimeTableTest.CanGetNextPrime/2" "--gtest_also_run_disabled_tests"
Directory: /mnt/c/Users/iakwon/gTest_samples/Sample8/build
"MeaningfulTestParameters/PrimeTableTest.CanGetNextPrime/(true,1)" start time: Jan 17 11:15 KST
Output:
----------------------------------------------------------
Running main() from /mnt/c/Users/iakwon/gTest_samples/Sample8/build/_deps/googletest-src/googletest/src/gtest_main.cc
Note: Google Test filter = MeaningfulTestParameters/PrimeTableTest.CanGetNextPrime/2
[==========] Running 1 test from 1 test suite.
[----------] Global test environment set-up.
[----------] 1 test from MeaningfulTestParameters/PrimeTableTest
[ RUN      ] MeaningfulTestParameters/PrimeTableTest.CanGetNextPrime/2
[       OK ] MeaningfulTestParameters/PrimeTableTest.CanGetNextPrime/2 (0 ms)
[----------] 1 test from MeaningfulTestParameters/PrimeTableTest (0 ms total)

[----------] Global test environment tear-down
[==========] 1 test from 1 test suite ran. (0 ms total)
[  PASSED  ] 1 test.
<end of output>
Test time =   0.01 sec
----------------------------------------------------------
Test Passed.
"MeaningfulTestParameters/PrimeTableTest.CanGetNextPrime/(true,1)" end time: Jan 17 11:15 KST
"MeaningfulTestParameters/PrimeTableTest.CanGetNextPrime/(true,1)" time elapsed: 00:00:00
----------------------------------------------------------

12/12 Testing: MeaningfulTestParameters/PrimeTableTest.CanGetNextPrime/(true,10)
12/12 Test: MeaningfulTestParameters/PrimeTableTest.CanGetNextPrime/(true,10)
Command: "/mnt/c/Users/iakwon/gTest_samples/Sample8/build/sample8_unittest" "--gtest_filter=MeaningfulTestParameters/PrimeTableTest.CanGetNextPrime/3" "--gtest_also_run_disabled_tests"
Directory: /mnt/c/Users/iakwon/gTest_samples/Sample8/build
"MeaningfulTestParameters/PrimeTableTest.CanGetNextPrime/(true,10)" start time: Jan 17 11:15 KST
Output:
----------------------------------------------------------
Running main() from /mnt/c/Users/iakwon/gTest_samples/Sample8/build/_deps/googletest-src/googletest/src/gtest_main.cc
Note: Google Test filter = MeaningfulTestParameters/PrimeTableTest.CanGetNextPrime/3
[==========] Running 1 test from 1 test suite.
[----------] Global test environment set-up.
[----------] 1 test from MeaningfulTestParameters/PrimeTableTest
[ RUN      ] MeaningfulTestParameters/PrimeTableTest.CanGetNextPrime/3
[       OK ] MeaningfulTestParameters/PrimeTableTest.CanGetNextPrime/3 (0 ms)
[----------] 1 test from MeaningfulTestParameters/PrimeTableTest (0 ms total)

[----------] Global test environment tear-down
[==========] 1 test from 1 test suite ran. (0 ms total)
[  PASSED  ] 1 test.
<end of output>
Test time =   0.01 sec
----------------------------------------------------------
Test Passed.
"MeaningfulTestParameters/PrimeTableTest.CanGetNextPrime/(true,10)" end time: Jan 17 11:15 KST
"MeaningfulTestParameters/PrimeTableTest.CanGetNextPrime/(true,10)" time elapsed: 00:00:00
----------------------------------------------------------

End testing: Jan 17 11:15 KST
