Start testing: Jan 16 11:14 KST
----------------------------------------------------------
1/4 Testing: MyString.DefaultConstructor
1/4 Test: MyString.DefaultConstructor
Command: "/mnt/c/Users/iakwon/gTest_samples/Sample2/build/sample2_unittest" "--gtest_filter=MyString.DefaultConstructor" "--gtest_also_run_disabled_tests"
Directory: /mnt/c/Users/iakwon/gTest_samples/Sample2/build
"MyString.DefaultConstructor" start time: Jan 16 11:14 KST
Output:
----------------------------------------------------------
Running main() from /mnt/c/Users/iakwon/gTest_samples/Sample2/build/_deps/googletest-src/googletest/src/gtest_main.cc
Note: Google Test filter = MyString.DefaultConstructor
[==========] Running 1 test from 1 test suite.
[----------] Global test environment set-up.
[----------] 1 test from MyString
[ RUN      ] MyString.DefaultConstructor
[       OK ] MyString.DefaultConstructor (0 ms)
[----------] 1 test from MyString (0 ms total)

[----------] Global test environment tear-down
[==========] 1 test from 1 test suite ran. (0 ms total)
[  PASSED  ] 1 test.
<end of output>
Test time =   0.01 sec
----------------------------------------------------------
Test Passed.
"MyString.DefaultConstructor" end time: Jan 16 11:14 KST
"MyString.DefaultConstructor" time elapsed: 00:00:00
----------------------------------------------------------

2/4 Testing: MyString.ConstructorFromCString
2/4 Test: MyString.ConstructorFromCString
Command: "/mnt/c/Users/iakwon/gTest_samples/Sample2/build/sample2_unittest" "--gtest_filter=MyString.ConstructorFromCString" "--gtest_also_run_disabled_tests"
Directory: /mnt/c/Users/iakwon/gTest_samples/Sample2/build
"MyString.ConstructorFromCString" start time: Jan 16 11:14 KST
Output:
----------------------------------------------------------
Running main() from /mnt/c/Users/iakwon/gTest_samples/Sample2/build/_deps/googletest-src/googletest/src/gtest_main.cc
Note: Google Test filter = MyString.ConstructorFromCString
[==========] Running 1 test from 1 test suite.
[----------] Global test environment set-up.
[----------] 1 test from MyString
[ RUN      ] MyString.ConstructorFromCString
[       OK ] MyString.ConstructorFromCString (0 ms)
[----------] 1 test from MyString (0 ms total)

[----------] Global test environment tear-down
[==========] 1 test from 1 test suite ran. (0 ms total)
[  PASSED  ] 1 test.
<end of output>
Test time =   0.01 sec
----------------------------------------------------------
Test Passed.
"MyString.ConstructorFromCString" end time: Jan 16 11:14 KST
"MyString.ConstructorFromCString" time elapsed: 00:00:00
----------------------------------------------------------

3/4 Testing: MyString.CopyConstructor
3/4 Test: MyString.CopyConstructor
Command: "/mnt/c/Users/iakwon/gTest_samples/Sample2/build/sample2_unittest" "--gtest_filter=MyString.CopyConstructor" "--gtest_also_run_disabled_tests"
Directory: /mnt/c/Users/iakwon/gTest_samples/Sample2/build
"MyString.CopyConstructor" start time: Jan 16 11:14 KST
Output:
----------------------------------------------------------
Running main() from /mnt/c/Users/iakwon/gTest_samples/Sample2/build/_deps/googletest-src/googletest/src/gtest_main.cc
Note: Google Test filter = MyString.CopyConstructor
[==========] Running 1 test from 1 test suite.
[----------] Global test environment set-up.
[----------] 1 test from MyString
[ RUN      ] MyString.CopyConstructor
[       OK ] MyString.CopyConstructor (0 ms)
[----------] 1 test from MyString (0 ms total)

[----------] Global test environment tear-down
[==========] 1 test from 1 test suite ran. (0 ms total)
[  PASSED  ] 1 test.
<end of output>
Test time =   0.01 sec
----------------------------------------------------------
Test Passed.
"MyString.CopyConstructor" end time: Jan 16 11:14 KST
"MyString.CopyConstructor" time elapsed: 00:00:00
----------------------------------------------------------

4/4 Testing: MyString.Set
4/4 Test: MyString.Set
Command: "/mnt/c/Users/iakwon/gTest_samples/Sample2/build/sample2_unittest" "--gtest_filter=MyString.Set" "--gtest_also_run_disabled_tests"
Directory: /mnt/c/Users/iakwon/gTest_samples/Sample2/build
"MyString.Set" start time: Jan 16 11:14 KST
Output:
----------------------------------------------------------
Running main() from /mnt/c/Users/iakwon/gTest_samples/Sample2/build/_deps/googletest-src/googletest/src/gtest_main.cc
Note: Google Test filter = MyString.Set
[==========] Running 1 test from 1 test suite.
[----------] Global test environment set-up.
[----------] 1 test from MyString
[ RUN      ] MyString.Set
[       OK ] MyString.Set (0 ms)
[----------] 1 test from MyString (0 ms total)

[----------] Global test environment tear-down
[==========] 1 test from 1 test suite ran. (0 ms total)
[  PASSED  ] 1 test.
<end of output>
Test time =   0.01 sec
----------------------------------------------------------
Test Passed.
"MyString.Set" end time: Jan 16 11:14 KST
"MyString.Set" time elapsed: 00:00:00
----------------------------------------------------------

End testing: Jan 16 11:14 KST
