Start testing: Jan 16 18:12 KST
----------------------------------------------------------
1/12 Testing: PrimeTableTest/OnTheFlyPrimeTable.ReturnsFalseForNonPrimes
1/12 Test: PrimeTableTest/OnTheFlyPrimeTable.ReturnsFalseForNonPrimes
Command: "/mnt/c/Users/iakwon/gTest_samples/Sample6/build/sample6_unittest" "--gtest_filter=PrimeTableTest/0.ReturnsFalseForNonPrimes" "--gtest_also_run_disabled_tests"
Directory: /mnt/c/Users/iakwon/gTest_samples/Sample6/build
"PrimeTableTest/OnTheFlyPrimeTable.ReturnsFalseForNonPrimes" start time: Jan 16 18:12 KST
Output:
----------------------------------------------------------
Running main() from /mnt/c/Users/iakwon/gTest_samples/Sample6/build/_deps/googletest-src/googletest/src/gtest_main.cc
Note: Google Test filter = PrimeTableTest/0.ReturnsFalseForNonPrimes
[==========] Running 1 test from 1 test suite.
[----------] Global test environment set-up.
[----------] 1 test from PrimeTableTest/0, where TypeParam = OnTheFlyPrimeTable
[ RUN      ] PrimeTableTest/0.ReturnsFalseForNonPrimes
[0;36m
#1-1 PrimeTableTest::ReturnsFalseForNonPrimes 
(Typed Test)[0m
[       OK ] PrimeTableTest/0.ReturnsFalseForNonPrimes (0 ms)
[----------] 1 test from PrimeTableTest/0 (0 ms total)

[----------] Global test environment tear-down
[==========] 1 test from 1 test suite ran. (0 ms total)
[  PASSED  ] 1 test.
<end of output>
Test time =   0.02 sec
----------------------------------------------------------
Test Passed.
"PrimeTableTest/OnTheFlyPrimeTable.ReturnsFalseForNonPrimes" end time: Jan 16 18:12 KST
"PrimeTableTest/OnTheFlyPrimeTable.ReturnsFalseForNonPrimes" time elapsed: 00:00:00
----------------------------------------------------------

2/12 Testing: PrimeTableTest/OnTheFlyPrimeTable.ReturnsTrueForPrimes
2/12 Test: PrimeTableTest/OnTheFlyPrimeTable.ReturnsTrueForPrimes
Command: "/mnt/c/Users/iakwon/gTest_samples/Sample6/build/sample6_unittest" "--gtest_filter=PrimeTableTest/0.ReturnsTrueForPrimes" "--gtest_also_run_disabled_tests"
Directory: /mnt/c/Users/iakwon/gTest_samples/Sample6/build
"PrimeTableTest/OnTheFlyPrimeTable.ReturnsTrueForPrimes" start time: Jan 16 18:12 KST
Output:
----------------------------------------------------------
Running main() from /mnt/c/Users/iakwon/gTest_samples/Sample6/build/_deps/googletest-src/googletest/src/gtest_main.cc
Note: Google Test filter = PrimeTableTest/0.ReturnsTrueForPrimes
[==========] Running 1 test from 1 test suite.
[----------] Global test environment set-up.
[----------] 1 test from PrimeTableTest/0, where TypeParam = OnTheFlyPrimeTable
[ RUN      ] PrimeTableTest/0.ReturnsTrueForPrimes
[0;36m
#1-2 PrimeTableTest::ReturnsTrueForPrimes 
(Typed Test)[0m
[       OK ] PrimeTableTest/0.ReturnsTrueForPrimes (0 ms)
[----------] 1 test from PrimeTableTest/0 (0 ms total)

[----------] Global test environment tear-down
[==========] 1 test from 1 test suite ran. (0 ms total)
[  PASSED  ] 1 test.
<end of output>
Test time =   0.01 sec
----------------------------------------------------------
Test Passed.
"PrimeTableTest/OnTheFlyPrimeTable.ReturnsTrueForPrimes" end time: Jan 16 18:12 KST
"PrimeTableTest/OnTheFlyPrimeTable.ReturnsTrueForPrimes" time elapsed: 00:00:00
----------------------------------------------------------

3/12 Testing: PrimeTableTest/OnTheFlyPrimeTable.CanGetNextPrime
3/12 Test: PrimeTableTest/OnTheFlyPrimeTable.CanGetNextPrime
Command: "/mnt/c/Users/iakwon/gTest_samples/Sample6/build/sample6_unittest" "--gtest_filter=PrimeTableTest/0.CanGetNextPrime" "--gtest_also_run_disabled_tests"
Directory: /mnt/c/Users/iakwon/gTest_samples/Sample6/build
"PrimeTableTest/OnTheFlyPrimeTable.CanGetNextPrime" start time: Jan 16 18:12 KST
Output:
----------------------------------------------------------
Running main() from /mnt/c/Users/iakwon/gTest_samples/Sample6/build/_deps/googletest-src/googletest/src/gtest_main.cc
Note: Google Test filter = PrimeTableTest/0.CanGetNextPrime
[==========] Running 1 test from 1 test suite.
[----------] Global test environment set-up.
[----------] 1 test from PrimeTableTest/0, where TypeParam = OnTheFlyPrimeTable
[ RUN      ] PrimeTableTest/0.CanGetNextPrime
[0;36m
#1-3 PrimeTableTest::CanGetNextPrime  
(Typed Test)[0m
[       OK ] PrimeTableTest/0.CanGetNextPrime (0 ms)
[----------] 1 test from PrimeTableTest/0 (0 ms total)

[----------] Global test environment tear-down
[==========] 1 test from 1 test suite ran. (0 ms total)
[  PASSED  ] 1 test.
<end of output>
Test time =   0.01 sec
----------------------------------------------------------
Test Passed.
"PrimeTableTest/OnTheFlyPrimeTable.CanGetNextPrime" end time: Jan 16 18:12 KST
"PrimeTableTest/OnTheFlyPrimeTable.CanGetNextPrime" time elapsed: 00:00:00
----------------------------------------------------------

4/12 Testing: PrimeTableTest/PreCalculatedPrimeTable.ReturnsFalseForNonPrimes
4/12 Test: PrimeTableTest/PreCalculatedPrimeTable.ReturnsFalseForNonPrimes
Command: "/mnt/c/Users/iakwon/gTest_samples/Sample6/build/sample6_unittest" "--gtest_filter=PrimeTableTest/1.ReturnsFalseForNonPrimes" "--gtest_also_run_disabled_tests"
Directory: /mnt/c/Users/iakwon/gTest_samples/Sample6/build
"PrimeTableTest/PreCalculatedPrimeTable.ReturnsFalseForNonPrimes" start time: Jan 16 18:12 KST
Output:
----------------------------------------------------------
Running main() from /mnt/c/Users/iakwon/gTest_samples/Sample6/build/_deps/googletest-src/googletest/src/gtest_main.cc
Note: Google Test filter = PrimeTableTest/1.ReturnsFalseForNonPrimes
[==========] Running 1 test from 1 test suite.
[----------] Global test environment set-up.
[----------] 1 test from PrimeTableTest/1, where TypeParam = PreCalculatedPrimeTable
[ RUN      ] PrimeTableTest/1.ReturnsFalseForNonPrimes
[0;36m
#1-1 PrimeTableTest::ReturnsFalseForNonPrimes 
(Typed Test)[0m
[       OK ] PrimeTableTest/1.ReturnsFalseForNonPrimes (0 ms)
[----------] 1 test from PrimeTableTest/1 (0 ms total)

[----------] Global test environment tear-down
[==========] 1 test from 1 test suite ran. (0 ms total)
[  PASSED  ] 1 test.
<end of output>
Test time =   0.01 sec
----------------------------------------------------------
Test Passed.
"PrimeTableTest/PreCalculatedPrimeTable.ReturnsFalseForNonPrimes" end time: Jan 16 18:12 KST
"PrimeTableTest/PreCalculatedPrimeTable.ReturnsFalseForNonPrimes" time elapsed: 00:00:00
----------------------------------------------------------

5/12 Testing: PrimeTableTest/PreCalculatedPrimeTable.ReturnsTrueForPrimes
5/12 Test: PrimeTableTest/PreCalculatedPrimeTable.ReturnsTrueForPrimes
Command: "/mnt/c/Users/iakwon/gTest_samples/Sample6/build/sample6_unittest" "--gtest_filter=PrimeTableTest/1.ReturnsTrueForPrimes" "--gtest_also_run_disabled_tests"
Directory: /mnt/c/Users/iakwon/gTest_samples/Sample6/build
"PrimeTableTest/PreCalculatedPrimeTable.ReturnsTrueForPrimes" start time: Jan 16 18:12 KST
Output:
----------------------------------------------------------
Running main() from /mnt/c/Users/iakwon/gTest_samples/Sample6/build/_deps/googletest-src/googletest/src/gtest_main.cc
Note: Google Test filter = PrimeTableTest/1.ReturnsTrueForPrimes
[==========] Running 1 test from 1 test suite.
[----------] Global test environment set-up.
[----------] 1 test from PrimeTableTest/1, where TypeParam = PreCalculatedPrimeTable
[ RUN      ] PrimeTableTest/1.ReturnsTrueForPrimes
[0;36m
#1-2 PrimeTableTest::ReturnsTrueForPrimes 
(Typed Test)[0m
/mnt/c/Users/iakwon/gTest_samples/Sample6/sample6_unittest.cc:90: Failure
Value of: this->table_->IsPrime(131)
  Actual: false
Expected: true
[  FAILED  ] PrimeTableTest/1.ReturnsTrueForPrimes, where TypeParam = PreCalculatedPrimeTable (0 ms)
[----------] 1 test from PrimeTableTest/1 (0 ms total)

[----------] Global test environment tear-down
[==========] 1 test from 1 test suite ran. (0 ms total)
[  PASSED  ] 0 tests.
[  FAILED  ] 1 test, listed below:
[  FAILED  ] PrimeTableTest/1.ReturnsTrueForPrimes, where TypeParam = PreCalculatedPrimeTable

 1 FAILED TEST
<end of output>
Test time =   0.01 sec
----------------------------------------------------------
Test Failed.
"PrimeTableTest/PreCalculatedPrimeTable.ReturnsTrueForPrimes" end time: Jan 16 18:12 KST
"PrimeTableTest/PreCalculatedPrimeTable.ReturnsTrueForPrimes" time elapsed: 00:00:00
----------------------------------------------------------

6/12 Testing: PrimeTableTest/PreCalculatedPrimeTable.CanGetNextPrime
6/12 Test: PrimeTableTest/PreCalculatedPrimeTable.CanGetNextPrime
Command: "/mnt/c/Users/iakwon/gTest_samples/Sample6/build/sample6_unittest" "--gtest_filter=PrimeTableTest/1.CanGetNextPrime" "--gtest_also_run_disabled_tests"
Directory: /mnt/c/Users/iakwon/gTest_samples/Sample6/build
"PrimeTableTest/PreCalculatedPrimeTable.CanGetNextPrime" start time: Jan 16 18:12 KST
Output:
----------------------------------------------------------
Running main() from /mnt/c/Users/iakwon/gTest_samples/Sample6/build/_deps/googletest-src/googletest/src/gtest_main.cc
Note: Google Test filter = PrimeTableTest/1.CanGetNextPrime
[==========] Running 1 test from 1 test suite.
[----------] Global test environment set-up.
[----------] 1 test from PrimeTableTest/1, where TypeParam = PreCalculatedPrimeTable
[ RUN      ] PrimeTableTest/1.CanGetNextPrime
[0;36m
#1-3 PrimeTableTest::CanGetNextPrime  
(Typed Test)[0m
[       OK ] PrimeTableTest/1.CanGetNextPrime (0 ms)
[----------] 1 test from PrimeTableTest/1 (0 ms total)

[----------] Global test environment tear-down
[==========] 1 test from 1 test suite ran. (0 ms total)
[  PASSED  ] 1 test.
<end of output>
Test time =   0.01 sec
----------------------------------------------------------
Test Passed.
"PrimeTableTest/PreCalculatedPrimeTable.CanGetNextPrime" end time: Jan 16 18:12 KST
"PrimeTableTest/PreCalculatedPrimeTable.CanGetNextPrime" time elapsed: 00:00:00
----------------------------------------------------------

7/12 Testing: Typed_Parameterized_Testing/PrimeTableTest2/OnTheFlyPrimeTable.ReturnsFalseForNonPrimes
7/12 Test: Typed_Parameterized_Testing/PrimeTableTest2/OnTheFlyPrimeTable.ReturnsFalseForNonPrimes
Command: "/mnt/c/Users/iakwon/gTest_samples/Sample6/build/sample6_unittest" "--gtest_filter=Typed_Parameterized_Testing/PrimeTableTest2/0.ReturnsFalseForNonPrimes" "--gtest_also_run_disabled_tests"
Directory: /mnt/c/Users/iakwon/gTest_samples/Sample6/build
"Typed_Parameterized_Testing/PrimeTableTest2/OnTheFlyPrimeTable.ReturnsFalseForNonPrimes" start time: Jan 16 18:12 KST
Output:
----------------------------------------------------------
Running main() from /mnt/c/Users/iakwon/gTest_samples/Sample6/build/_deps/googletest-src/googletest/src/gtest_main.cc
Note: Google Test filter = Typed_Parameterized_Testing/PrimeTableTest2/0.ReturnsFalseForNonPrimes
[==========] Running 1 test from 1 test suite.
[----------] Global test environment set-up.
[----------] 1 test from Typed_Parameterized_Testing/PrimeTableTest2/0, where TypeParam = OnTheFlyPrimeTable
[ RUN      ] Typed_Parameterized_Testing/PrimeTableTest2/0.ReturnsFalseForNonPrimes
[0;36m
#2-1 PrimeTableTest2::ReturnsFalseForNonPrimes 
 (Typed-Paraeterized Test)[0m
[       OK ] Typed_Parameterized_Testing/PrimeTableTest2/0.ReturnsFalseForNonPrimes (0 ms)
[----------] 1 test from Typed_Parameterized_Testing/PrimeTableTest2/0 (0 ms total)

[----------] Global test environment tear-down
[==========] 1 test from 1 test suite ran. (0 ms total)
[  PASSED  ] 1 test.
<end of output>
Test time =   0.01 sec
----------------------------------------------------------
Test Passed.
"Typed_Parameterized_Testing/PrimeTableTest2/OnTheFlyPrimeTable.ReturnsFalseForNonPrimes" end time: Jan 16 18:12 KST
"Typed_Parameterized_Testing/PrimeTableTest2/OnTheFlyPrimeTable.ReturnsFalseForNonPrimes" time elapsed: 00:00:00
----------------------------------------------------------

8/12 Testing: Typed_Parameterized_Testing/PrimeTableTest2/OnTheFlyPrimeTable.ReturnsTrueForPrimes
8/12 Test: Typed_Parameterized_Testing/PrimeTableTest2/OnTheFlyPrimeTable.ReturnsTrueForPrimes
Command: "/mnt/c/Users/iakwon/gTest_samples/Sample6/build/sample6_unittest" "--gtest_filter=Typed_Parameterized_Testing/PrimeTableTest2/0.ReturnsTrueForPrimes" "--gtest_also_run_disabled_tests"
Directory: /mnt/c/Users/iakwon/gTest_samples/Sample6/build
"Typed_Parameterized_Testing/PrimeTableTest2/OnTheFlyPrimeTable.ReturnsTrueForPrimes" start time: Jan 16 18:12 KST
Output:
----------------------------------------------------------
Running main() from /mnt/c/Users/iakwon/gTest_samples/Sample6/build/_deps/googletest-src/googletest/src/gtest_main.cc
Note: Google Test filter = Typed_Parameterized_Testing/PrimeTableTest2/0.ReturnsTrueForPrimes
[==========] Running 1 test from 1 test suite.
[----------] Global test environment set-up.
[----------] 1 test from Typed_Parameterized_Testing/PrimeTableTest2/0, where TypeParam = OnTheFlyPrimeTable
[ RUN      ] Typed_Parameterized_Testing/PrimeTableTest2/0.ReturnsTrueForPrimes
[0;36m
#2-2 PrimeTableTest2::ReturnsTrueForPrimes 
(Typed-Paraeterized Test)[0m
[       OK ] Typed_Parameterized_Testing/PrimeTableTest2/0.ReturnsTrueForPrimes (0 ms)
[----------] 1 test from Typed_Parameterized_Testing/PrimeTableTest2/0 (0 ms total)

[----------] Global test environment tear-down
[==========] 1 test from 1 test suite ran. (0 ms total)
[  PASSED  ] 1 test.
<end of output>
Test time =   0.01 sec
----------------------------------------------------------
Test Passed.
"Typed_Parameterized_Testing/PrimeTableTest2/OnTheFlyPrimeTable.ReturnsTrueForPrimes" end time: Jan 16 18:12 KST
"Typed_Parameterized_Testing/PrimeTableTest2/OnTheFlyPrimeTable.ReturnsTrueForPrimes" time elapsed: 00:00:00
----------------------------------------------------------

9/12 Testing: Typed_Parameterized_Testing/PrimeTableTest2/OnTheFlyPrimeTable.CanGetNextPrime
9/12 Test: Typed_Parameterized_Testing/PrimeTableTest2/OnTheFlyPrimeTable.CanGetNextPrime
Command: "/mnt/c/Users/iakwon/gTest_samples/Sample6/build/sample6_unittest" "--gtest_filter=Typed_Parameterized_Testing/PrimeTableTest2/0.CanGetNextPrime" "--gtest_also_run_disabled_tests"
Directory: /mnt/c/Users/iakwon/gTest_samples/Sample6/build
"Typed_Parameterized_Testing/PrimeTableTest2/OnTheFlyPrimeTable.CanGetNextPrime" start time: Jan 16 18:12 KST
Output:
----------------------------------------------------------
Running main() from /mnt/c/Users/iakwon/gTest_samples/Sample6/build/_deps/googletest-src/googletest/src/gtest_main.cc
Note: Google Test filter = Typed_Parameterized_Testing/PrimeTableTest2/0.CanGetNextPrime
[==========] Running 1 test from 1 test suite.
[----------] Global test environment set-up.
[----------] 1 test from Typed_Parameterized_Testing/PrimeTableTest2/0, where TypeParam = OnTheFlyPrimeTable
[ RUN      ] Typed_Parameterized_Testing/PrimeTableTest2/0.CanGetNextPrime
[0;36m
#2-3 PrimeTableTest2::CanGetNextPrime 
(Typed-Paraeterized Test)[0m
[       OK ] Typed_Parameterized_Testing/PrimeTableTest2/0.CanGetNextPrime (0 ms)
[----------] 1 test from Typed_Parameterized_Testing/PrimeTableTest2/0 (0 ms total)

[----------] Global test environment tear-down
[==========] 1 test from 1 test suite ran. (0 ms total)
[  PASSED  ] 1 test.
<end of output>
Test time =   0.01 sec
----------------------------------------------------------
Test Passed.
"Typed_Parameterized_Testing/PrimeTableTest2/OnTheFlyPrimeTable.CanGetNextPrime" end time: Jan 16 18:12 KST
"Typed_Parameterized_Testing/PrimeTableTest2/OnTheFlyPrimeTable.CanGetNextPrime" time elapsed: 00:00:00
----------------------------------------------------------

10/12 Testing: Typed_Parameterized_Testing/PrimeTableTest2/PreCalculatedPrimeTable.ReturnsFalseForNonPrimes
10/12 Test: Typed_Parameterized_Testing/PrimeTableTest2/PreCalculatedPrimeTable.ReturnsFalseForNonPrimes
Command: "/mnt/c/Users/iakwon/gTest_samples/Sample6/build/sample6_unittest" "--gtest_filter=Typed_Parameterized_Testing/PrimeTableTest2/1.ReturnsFalseForNonPrimes" "--gtest_also_run_disabled_tests"
Directory: /mnt/c/Users/iakwon/gTest_samples/Sample6/build
"Typed_Parameterized_Testing/PrimeTableTest2/PreCalculatedPrimeTable.ReturnsFalseForNonPrimes" start time: Jan 16 18:12 KST
Output:
----------------------------------------------------------
Running main() from /mnt/c/Users/iakwon/gTest_samples/Sample6/build/_deps/googletest-src/googletest/src/gtest_main.cc
Note: Google Test filter = Typed_Parameterized_Testing/PrimeTableTest2/1.ReturnsFalseForNonPrimes
[==========] Running 1 test from 1 test suite.
[----------] Global test environment set-up.
[----------] 1 test from Typed_Parameterized_Testing/PrimeTableTest2/1, where TypeParam = PreCalculatedPrimeTable
[ RUN      ] Typed_Parameterized_Testing/PrimeTableTest2/1.ReturnsFalseForNonPrimes
[0;36m
#2-1 PrimeTableTest2::ReturnsFalseForNonPrimes 
 (Typed-Paraeterized Test)[0m
[       OK ] Typed_Parameterized_Testing/PrimeTableTest2/1.ReturnsFalseForNonPrimes (0 ms)
[----------] 1 test from Typed_Parameterized_Testing/PrimeTableTest2/1 (0 ms total)

[----------] Global test environment tear-down
[==========] 1 test from 1 test suite ran. (0 ms total)
[  PASSED  ] 1 test.
<end of output>
Test time =   0.01 sec
----------------------------------------------------------
Test Passed.
"Typed_Parameterized_Testing/PrimeTableTest2/PreCalculatedPrimeTable.ReturnsFalseForNonPrimes" end time: Jan 16 18:12 KST
"Typed_Parameterized_Testing/PrimeTableTest2/PreCalculatedPrimeTable.ReturnsFalseForNonPrimes" time elapsed: 00:00:00
----------------------------------------------------------

11/12 Testing: Typed_Parameterized_Testing/PrimeTableTest2/PreCalculatedPrimeTable.ReturnsTrueForPrimes
11/12 Test: Typed_Parameterized_Testing/PrimeTableTest2/PreCalculatedPrimeTable.ReturnsTrueForPrimes
Command: "/mnt/c/Users/iakwon/gTest_samples/Sample6/build/sample6_unittest" "--gtest_filter=Typed_Parameterized_Testing/PrimeTableTest2/1.ReturnsTrueForPrimes" "--gtest_also_run_disabled_tests"
Directory: /mnt/c/Users/iakwon/gTest_samples/Sample6/build
"Typed_Parameterized_Testing/PrimeTableTest2/PreCalculatedPrimeTable.ReturnsTrueForPrimes" start time: Jan 16 18:12 KST
Output:
----------------------------------------------------------
Running main() from /mnt/c/Users/iakwon/gTest_samples/Sample6/build/_deps/googletest-src/googletest/src/gtest_main.cc
Note: Google Test filter = Typed_Parameterized_Testing/PrimeTableTest2/1.ReturnsTrueForPrimes
[==========] Running 1 test from 1 test suite.
[----------] Global test environment set-up.
[----------] 1 test from Typed_Parameterized_Testing/PrimeTableTest2/1, where TypeParam = PreCalculatedPrimeTable
[ RUN      ] Typed_Parameterized_Testing/PrimeTableTest2/1.ReturnsTrueForPrimes
[0;36m
#2-2 PrimeTableTest2::ReturnsTrueForPrimes 
(Typed-Paraeterized Test)[0m
/mnt/c/Users/iakwon/gTest_samples/Sample6/sample6_unittest.cc:155: Failure
Value of: this->table_->IsPrime(131)
  Actual: false
Expected: true
[  FAILED  ] Typed_Parameterized_Testing/PrimeTableTest2/1.ReturnsTrueForPrimes, where TypeParam = PreCalculatedPrimeTable (0 ms)
[----------] 1 test from Typed_Parameterized_Testing/PrimeTableTest2/1 (0 ms total)

[----------] Global test environment tear-down
[==========] 1 test from 1 test suite ran. (0 ms total)
[  PASSED  ] 0 tests.
[  FAILED  ] 1 test, listed below:
[  FAILED  ] Typed_Parameterized_Testing/PrimeTableTest2/1.ReturnsTrueForPrimes, where TypeParam = PreCalculatedPrimeTable

 1 FAILED TEST
<end of output>
Test time =   0.01 sec
----------------------------------------------------------
Test Failed.
"Typed_Parameterized_Testing/PrimeTableTest2/PreCalculatedPrimeTable.ReturnsTrueForPrimes" end time: Jan 16 18:12 KST
"Typed_Parameterized_Testing/PrimeTableTest2/PreCalculatedPrimeTable.ReturnsTrueForPrimes" time elapsed: 00:00:00
----------------------------------------------------------

12/12 Testing: Typed_Parameterized_Testing/PrimeTableTest2/PreCalculatedPrimeTable.CanGetNextPrime
12/12 Test: Typed_Parameterized_Testing/PrimeTableTest2/PreCalculatedPrimeTable.CanGetNextPrime
Command: "/mnt/c/Users/iakwon/gTest_samples/Sample6/build/sample6_unittest" "--gtest_filter=Typed_Parameterized_Testing/PrimeTableTest2/1.CanGetNextPrime" "--gtest_also_run_disabled_tests"
Directory: /mnt/c/Users/iakwon/gTest_samples/Sample6/build
"Typed_Parameterized_Testing/PrimeTableTest2/PreCalculatedPrimeTable.CanGetNextPrime" start time: Jan 16 18:12 KST
Output:
----------------------------------------------------------
Running main() from /mnt/c/Users/iakwon/gTest_samples/Sample6/build/_deps/googletest-src/googletest/src/gtest_main.cc
Note: Google Test filter = Typed_Parameterized_Testing/PrimeTableTest2/1.CanGetNextPrime
[==========] Running 1 test from 1 test suite.
[----------] Global test environment set-up.
[----------] 1 test from Typed_Parameterized_Testing/PrimeTableTest2/1, where TypeParam = PreCalculatedPrimeTable
[ RUN      ] Typed_Parameterized_Testing/PrimeTableTest2/1.CanGetNextPrime
[0;36m
#2-3 PrimeTableTest2::CanGetNextPrime 
(Typed-Paraeterized Test)[0m
/mnt/c/Users/iakwon/gTest_samples/Sample6/sample6_unittest.cc:165: Failure
Expected equality of these values:
  131
  this->table_->GetNextPrime(128)
    Which is: -1
[  FAILED  ] Typed_Parameterized_Testing/PrimeTableTest2/1.CanGetNextPrime, where TypeParam = PreCalculatedPrimeTable (0 ms)
[----------] 1 test from Typed_Parameterized_Testing/PrimeTableTest2/1 (0 ms total)

[----------] Global test environment tear-down
[==========] 1 test from 1 test suite ran. (0 ms total)
[  PASSED  ] 0 tests.
[  FAILED  ] 1 test, listed below:
[  FAILED  ] Typed_Parameterized_Testing/PrimeTableTest2/1.CanGetNextPrime, where TypeParam = PreCalculatedPrimeTable

 1 FAILED TEST
<end of output>
Test time =   0.01 sec
----------------------------------------------------------
Test Failed.
"Typed_Parameterized_Testing/PrimeTableTest2/PreCalculatedPrimeTable.CanGetNextPrime" end time: Jan 16 18:12 KST
"Typed_Parameterized_Testing/PrimeTableTest2/PreCalculatedPrimeTable.CanGetNextPrime" time elapsed: 00:00:00
----------------------------------------------------------

End testing: Jan 16 18:12 KST
